TN:
SF:contracts/MockERC20.sol
DA:9,6
FN:9,MockERC20.mint
FNDA:6,MockERC20.mint
DA:10,6
FNF:1
FNH:1
LF:2
LH:2
BRF:0
BRH:0
end_of_record
TN:
SF:contracts/Router.sol
DA:124,38
FN:124,Router.ROUTE_INTENT_TYPEHASH_PUBLIC
FNDA:38,Router.ROUTE_INTENT_TYPEHASH_PUBLIC
DA:125,38
DA:132,21
FN:132,Router.setAllowedTarget
FNDA:21,Router.setAllowedTarget
DA:133,21
DA:136,28
FN:136,Router.setEnforceTargetAllowlist
FNDA:28,Router.setEnforceTargetAllowlist
DA:137,28
DA:150,130
FN:150,Router.constructor
FNDA:130,Router.constructor
DA:153,130
BRDA:153,0,0,-
BRDA:153,0,1,-
DA:154,130
BRDA:154,1,0,-
BRDA:154,1,1,-
DA:155,128
DA:156,130
DA:157,128
DA:158,128
DA:159,130
DA:188,41
FN:188,Router.addAdapter
FNDA:41,Router.addAdapter
DA:189,41
DA:190,41
DA:193,1
FN:193,Router.removeAdapter
FNDA:1,Router.removeAdapter
DA:194,1
DA:195,1
DA:198,4
FN:198,Router.freezeAdapter
FNDA:4,Router.freezeAdapter
DA:199,4
DA:200,4
DA:204,29
FN:204,Router.onlyAdapter
FNDA:29,Router.onlyAdapter
DA:205,29
BRDA:205,2,0,2
DA:206,3
BRDA:206,3,0,3
DA:267,4
FN:267,Router.onlyAdmin
FNDA:4,Router.onlyAdmin
DA:268,4
BRDA:268,4,0,1
DA:272,2
FN:272,Router.setAdmin
FNDA:2,Router.setAdmin
DA:273,2
BRDA:273,5,0,1
DA:274,1
DA:275,1
DA:278,6
FN:278,Router.setFeeRecipient
FNDA:6,Router.setFeeRecipient
DA:279,6
BRDA:279,6,0,3
DA:280,3
DA:281,3
DA:289,3
FN:289,Router.proposeAdmin
FNDA:3,Router.proposeAdmin
DA:290,3
BRDA:290,7,0,1
DA:291,2
DA:292,2
DA:295,3
FN:295,Router.acceptAdmin
FNDA:3,Router.acceptAdmin
DA:296,3
BRDA:296,8,0,1
DA:297,2
DA:298,2
DA:299,2
DA:300,2
DA:301,2
DA:302,2
DA:306,50
FN:306,Router.universalBridgeTransfer
FNDA:50,Router.universalBridgeTransfer
DA:307,50
DA:308,37
DA:309,37
BRDA:309,9,0,1
DA:310,36
BRDA:310,10,0,2
DA:312,34
DA:313,34
BRDA:313,11,0,2
DA:314,32
BRDA:314,12,0,5
DA:317,27
DA:318,27
DA:323,27
DA:324,25
DA:325,25
DA:326,0
DA:327,27
DA:338,25
BRDA:338,13,0,5
DA:339,5
DA:350,25
DA:351,25
DA:366,25
DA:383,25
BRDA:383,14,0,15
DA:386,25
BRDA:386,15,0,1
DA:390,29
FN:390,Router.universalBridgeTransferWithSig
FNDA:29,Router.universalBridgeTransferWithSig
DA:396,29
DA:397,29
DA:401,7
DA:402,7
BRDA:402,16,0,1
DA:403,1
DA:414,29
DA:415,7
BRDA:415,17,0,5
DA:416,29
BRDA:416,18,0,-
DA:420,41
FN:420,Router._preSignedPullAndChecks
FNDA:41,Router._preSignedPullAndChecks
DA:426,41
DA:427,2
BRDA:427,19,0,2
DA:428,30
DA:429,30
DA:432,30
BRDA:432,20,0,2
DA:433,28
BRDA:433,21,0,2
DA:434,26
BRDA:434,22,0,1
DA:435,25
BRDA:435,23,0,1
DA:436,24
BRDA:436,24,0,1
DA:437,23
BRDA:437,25,0,1
DA:439,22
DA:440,22
BRDA:440,26,0,-
DA:441,22
BRDA:441,27,0,-
DA:443,22
DA:444,22
BRDA:444,28,0,2
DA:445,20
BRDA:445,29,0,1
DA:448,19
BRDA:448,30,0,2
DA:450,17
DA:451,17
DA:455,4
FN:455,Router.universalBridgeTransferWithPermit
FNDA:4,Router.universalBridgeTransferWithPermit
DA:459,4
DA:460,4
DA:461,4
BRDA:461,31,0,-
DA:462,4
BRDA:462,32,0,-
DA:464,4
DA:465,4
BRDA:465,33,0,1
DA:466,3
BRDA:466,34,0,1
DA:468,2
DA:470,2
DA:472,2
DA:476,2
DA:477,2
DA:478,2
DA:479,0
DA:480,2
DA:490,2
BRDA:490,35,0,1
DA:491,1
DA:502,2
DA:503,2
DA:517,2
DA:532,2
BRDA:532,36,0,1
DA:533,2
BRDA:533,37,0,-
DA:536,3
FN:536,Router.universalBridgeTransferWithDAIPermit
FNDA:3,Router.universalBridgeTransferWithDAIPermit
DA:545,3
DA:546,3
DA:547,3
BRDA:547,38,0,-
DA:548,3
BRDA:548,39,0,-
DA:550,3
DA:551,3
BRDA:551,40,0,-
DA:552,3
BRDA:552,41,0,1
DA:554,2
DA:556,2
DA:557,2
DA:561,2
DA:562,2
DA:563,2
DA:564,0
DA:565,2
DA:575,2
BRDA:575,42,0,1
DA:576,1
DA:587,2
DA:588,2
DA:602,2
DA:617,2
BRDA:617,43,0,1
DA:618,2
BRDA:618,44,0,-
DA:622,13
FN:622,Router.universalBridgeApproveThenCall
FNDA:13,Router.universalBridgeApproveThenCall
DA:623,13
DA:624,13
DA:625,13
BRDA:625,45,0,-
DA:626,13
BRDA:626,46,0,-
DA:628,13
DA:629,13
BRDA:629,47,0,2
DA:631,11
BRDA:631,48,0,-
DA:633,11
DA:635,11
DA:636,11
DA:637,11
DA:638,11
BRDA:638,49,0,-
DA:640,11
DA:641,3
BRDA:641,50,0,3
BRDA:641,50,1,-
DA:643,3
DA:645,8
DA:646,8
BRDA:646,51,0,2
DA:647,2
DA:648,2
BRDA:648,52,0,-
DA:650,8
BRDA:650,53,0,6
DA:651,6
BRDA:651,54,0,-
DA:652,6
DA:654,8
DA:658,11
DA:659,11
DA:662,11
BRDA:662,55,0,9
DA:665,11
DA:668,11
DA:669,11
DA:670,11
DA:671,0
DA:672,11
DA:682,11
BRDA:682,56,0,6
DA:683,6
DA:694,11
DA:695,11
DA:709,11
DA:726,11
BRDA:726,57,0,2
DA:729,12
FN:729,Router.universalBridgeApproveThenCallWithSig
FNDA:12,Router.universalBridgeApproveThenCallWithSig
DA:734,12
DA:735,10
DA:737,10
DA:738,10
DA:739,10
BRDA:739,58,0,-
DA:740,10
DA:741,1
BRDA:741,59,0,1
BRDA:741,59,1,1
DA:742,1
DA:744,9
DA:745,9
BRDA:745,60,0,3
DA:746,3
DA:747,3
BRDA:747,61,0,1
DA:749,8
BRDA:749,62,0,2
DA:750,2
BRDA:750,63,0,-
DA:751,2
DA:753,8
DA:755,1
DA:756,9
DA:757,9
BRDA:757,64,0,6
DA:758,9
DA:759,9
DA:760,9
BRDA:760,65,0,2
DA:761,2
DA:772,1
DA:773,1
BRDA:773,66,0,3
DA:776,12
FN:776,Router._preSignedApproveThenCallChecks
FNDA:12,Router._preSignedApproveThenCallChecks
DA:782,12
DA:783,10
BRDA:783,67,0,-
DA:784,10
DA:787,16
FN:787,Router._computeHashesSigned
FNDA:16,Router._computeHashesSigned
DA:793,16
DA:794,16
DA:795,16
DA:796,16
DA:797,16
DA:807,16
DA:810,16
FN:810,Router._emitSourceEvents
FNDA:16,Router._emitSourceEvents
DA:820,16
DA:834,16
DA:852,70
FN:852,Router._commonChecks
FNDA:70,Router._commonChecks
DA:853,70
BRDA:853,68,0,2
DA:854,68
BRDA:854,69,0,3
DA:855,65
BRDA:855,70,0,2
DA:856,63
BRDA:856,71,0,3
DA:857,60
BRDA:857,72,0,9
DA:858,9
DA:859,9
BRDA:859,73,0,3
DA:865,38
FN:865,Router._pullSkimAndForward
FNDA:38,Router._pullSkimAndForward
DA:873,38
DA:876,38
DA:877,38
DA:878,38
DA:879,38
BRDA:879,74,0,2
DA:881,4
BRDA:881,75,0,4
DA:882,4
DA:883,4
DA:884,4
DA:888,32
BRDA:888,76,0,4
DA:889,4
DA:890,4
BRDA:890,77,0,-
DA:892,32
DA:893,32
BRDA:893,78,0,-
DA:894,32
BRDA:894,79,0,8
DA:895,8
BRDA:895,80,0,-
DA:896,8
DA:898,32
DA:899,32
DA:900,0
DA:905,37
FN:905,Router._callTarget
FNDA:37,Router._callTarget
DA:906,37
DA:907,37
BRDA:907,81,0,-
BRDA:907,81,1,-
DA:911,41
FN:911,Router._verifyIntentReturningDigest
FNDA:41,Router._verifyIntentReturningDigest
DA:916,41
BRDA:916,82,0,4
DA:917,37
BRDA:917,83,0,3
DA:919,34
DA:935,34
DA:936,34
BRDA:936,84,0,1
DA:940,70
FN:940,Router.computeGlobalRouteId
FNDA:70,Router.computeGlobalRouteId
DA:947,70
DA:951,1
FN:951,Router.setAdapter
FNDA:1,Router.setAdapter
DA:953,1
DA:956,8
FN:956,Router.setFeeCollector
FNDA:8,Router.setFeeCollector
DA:957,8
BRDA:957,85,0,1
DA:958,7
DA:967,2
FN:967,Router.setProtocolFeeBps
FNDA:2,Router.setProtocolFeeBps
DA:969,2
BRDA:969,86,0,2
DA:970,0
DA:971,0
DA:974,19
FN:974,Router.setRelayerFeeBps
FNDA:19,Router.setRelayerFeeBps
DA:976,19
BRDA:976,87,0,3
DA:977,16
DA:978,16
DA:981,2
FN:981,Router.setProtocolShareBps
FNDA:2,Router.setProtocolShareBps
DA:983,2
BRDA:983,88,0,-
DA:984,2
DA:985,2
DA:988,2
FN:988,Router.setLPShareBps
FNDA:2,Router.setLPShareBps
DA:989,2
BRDA:989,89,0,1
DA:990,1
DA:991,1
DA:995,5
FN:995,Router.setFeeSplit
FNDA:5,Router.setFeeSplit
DA:996,5
BRDA:996,90,0,-
BRDA:996,90,1,-
DA:997,5
DA:998,5
DA:1014,24
FN:1014,Router.finalizeMessage
FNDA:24,Router.finalizeMessage
DA:1025,6
BRDA:1025,91,0,6
DA:1026,18
DA:1027,18
BRDA:1027,92,0,2
DA:1028,16
DA:1030,16
DA:1033,16
DA:1055,13
FN:1055,Router.setDelegateFeeToTarget
FNDA:13,Router.setDelegateFeeToTarget
DA:1056,13
BRDA:1056,93,0,-
BRDA:1056,93,1,-
DA:1057,11
DA:1058,13
FNF:37
FNH:37
LF:300
LH:293
BRF:101
BRH:67
end_of_record
TN:
SF:contracts/lib/Hashing.sol
DA:11,186
FN:11,Hashing._toBytes32
FNDA:186,Hashing._toBytes32
DA:12,186
DA:15,79
FN:15,Hashing.payloadHash
FNDA:79,Hashing.payloadHash
DA:16,79
DA:19,62
FN:19,Hashing.messageHash
FNDA:62,Hashing.messageHash
DA:29,62
FNF:3
FNH:3
LF:6
LH:6
BRF:0
BRH:0
end_of_record
TN:
SF:contracts/utils/Create2Factory.sol
DA:7,0
FN:7,Create2Factory.constructor
FNDA:0,Create2Factory.constructor
DA:8,0
DA:11,0
FN:11,Create2Factory.onlyOwner
FNDA:0,Create2Factory.onlyOwner
DA:12,0
BRDA:12,0,0,-
BRDA:12,0,1,-
DA:17,0
FN:17,Create2Factory.deploy
FNDA:0,Create2Factory.deploy
DA:20,0
DA:22,0
DA:23,0
DA:24,0
DA:25,0
BRDA:25,1,0,-
DA:27,0
DA:31,0
FN:31,Create2Factory.compute
FNDA:0,Create2Factory.compute
DA:32,0
DA:37,0
FN:37,Create2Factory.withdraw
FNDA:0,Create2Factory.withdraw
DA:38,0
BRDA:38,2,0,-
BRDA:38,2,1,-
DA:39,0
FNF:5
FNH:0
LF:16
LH:0
BRF:5
BRH:0
end_of_record
TN:
SF:foundry/test/AdapterAllowlist.t.sol
DA:10,2
FN:10,DummyTarget.ping
FNDA:2,DummyTarget.ping
FNF:1
FNH:1
LF:1
LH:1
BRF:0
BRH:0
end_of_record
TN:
SF:foundry/test/Allowlist_AllEntrypoints.t.sol
DA:8,0
FN:8,Dummy.ping
FNDA:0,Dummy.ping
FNF:1
FNH:0
LF:1
LH:0
BRF:0
BRH:0
end_of_record
TN:
SF:foundry/test/EventsHashes.t.sol
DA:9,0
FN:9,EventTarget.noop
FNDA:0,EventTarget.noop
FNF:1
FNH:0
LF:1
LH:0
BRF:0
BRH:0
end_of_record
TN:
SF:foundry/test/Router_AllPaths.t.sol
DA:10,2
FN:10,PullTarget.pull
FNDA:2,PullTarget.pull
DA:12,2
DA:16,0
FN:16,PullTarget.noop
FNDA:0,PullTarget.noop
DA:23,2
FN:23,CallTarget.callMe
FNDA:2,CallTarget.callMe
DA:24,2
FNF:3
FNH:2
LF:5
LH:4
BRF:0
BRH:0
end_of_record
TN:
SF:foundry/test/Router_BranchCoverage.t.sol
DA:9,1
FN:9,RevertingTarget.fallback
FNDA:1,RevertingTarget.fallback
DA:10,1
FNF:1
FNH:1
LF:2
LH:2
BRF:0
BRH:0
end_of_record
TN:
SF:foundry/test/Router_BranchCoverage10_PermitAllowlist.t.sol
DA:10,0
FN:10,PermitTarget.noop
FNDA:0,PermitTarget.noop
FNF:1
FNH:0
LF:1
LH:0
BRF:0
BRH:0
end_of_record
TN:
SF:foundry/test/Router_BranchCoverage11_DefaultTargetAndRelayer.t.sol
DA:11,3
FN:11,PullTargetForDefault.pull
FNDA:3,PullTargetForDefault.pull
DA:12,3
FNF:1
FNH:1
LF:2
LH:2
BRF:0
BRH:0
end_of_record
TN:
SF:foundry/test/Router_BranchCoverage5.t.sol
DA:10,1
FN:10,RevertingTarget.fallback
FNDA:1,RevertingTarget.fallback
DA:11,1
FNF:1
FNH:1
LF:2
LH:2
BRF:0
BRH:0
end_of_record
TN:
SF:foundry/test/Router_BranchCoverage7.t.sol
DA:10,1
FN:10,PullTarget7.pull
FNDA:1,PullTarget7.pull
DA:11,1
FNF:1
FNH:1
LF:2
LH:2
BRF:0
BRH:0
end_of_record
TN:
SF:foundry/test/Router_BranchCoverage8.t.sol
DA:10,4
FN:10,PullTarget8.pull
FNDA:4,PullTarget8.pull
DA:11,4
FNF:1
FNH:1
LF:2
LH:2
BRF:0
BRH:0
end_of_record
TN:
SF:foundry/test/Router_BranchCoverage9.t.sol
DA:12,3
FN:12,NopTarget.ping
FNDA:3,NopTarget.ping
DA:13,3
FNF:1
FNH:1
LF:2
LH:2
BRF:0
BRH:0
end_of_record
TN:
SF:foundry/test/Router_Coverage_Bulk.t.sol
DA:10,1
FN:10,RevertingTarget.fallback
FNDA:1,RevertingTarget.fallback
DA:11,1
FNF:1
FNH:1
LF:2
LH:2
BRF:0
BRH:0
end_of_record
TN:
SF:foundry/test/Router_FocusedCoverage.t.sol
DA:11,1
FN:11,PullTargetLocal.pull
FNDA:1,PullTargetLocal.pull
DA:12,1
FNF:1
FNH:1
LF:2
LH:2
BRF:0
BRH:0
end_of_record
TN:
SF:foundry/test/Router_SignedPaths.t.sol
DA:143,1
FN:143,PullTarget.pull
FNDA:1,PullTarget.pull
DA:145,1
DA:149,0
FN:149,PullTarget.noop
FNDA:0,PullTarget.noop
FNF:2
FNH:1
LF:3
LH:2
BRF:0
BRH:0
end_of_record
TN:
SF:foundry/test/TargetAllowlist.t.sol
DA:10,1
FN:10,AllowedTargetMock.ping
FNDA:1,AllowedTargetMock.ping
FNF:1
FNH:1
LF:1
LH:1
BRF:0
BRH:0
end_of_record
TN:
SF:foundry/test/mocks/DAIPermitMock.sol
DA:13,3
FN:13,DAIPermitMock.constructor
FNDA:3,DAIPermitMock.constructor
DA:14,3
DA:16,0
DA:18,3
DA:31,4
FN:31,DAIPermitMock.mint
FNDA:4,DAIPermitMock.mint
DA:32,4
DA:35,2
FN:35,DAIPermitMock.permit
FNDA:2,DAIPermitMock.permit
DA:45,2
BRDA:45,0,0,-
BRDA:45,0,1,-
DA:46,2
DA:53,2
DA:54,2
BRDA:54,1,0,-
BRDA:54,1,1,-
DA:55,2
FNF:3
FNH:3
LF:12
LH:11
BRF:4
BRH:0
end_of_record
TN:
SF:foundry/test/mocks/ERC20PermitMock.sol
DA:13,4
FN:13,ERC20PermitMock.constructor
FNDA:4,ERC20PermitMock.constructor
DA:14,4
DA:16,0
DA:18,4
DA:31,5
FN:31,ERC20PermitMock.mint
FNDA:5,ERC20PermitMock.mint
DA:32,5
DA:35,2
FN:35,ERC20PermitMock.permit
FNDA:2,ERC20PermitMock.permit
DA:44,2
BRDA:44,0,0,-
BRDA:44,0,1,-
DA:45,2
DA:52,2
DA:53,2
BRDA:53,1,0,-
BRDA:53,1,1,-
DA:54,2
FNF:3
FNH:3
LF:12
LH:11
BRF:4
BRH:0
end_of_record
TN:
SF:foundry/test/mocks/FeeOnTransferMockERC20.sol
DA:15,6
FN:15,FeeOnTransferMockERC20.constructor
FNDA:6,FeeOnTransferMockERC20.constructor
DA:16,6
DA:17,6
DA:18,6
DA:19,6
DA:22,0
FN:22,FeeOnTransferMockERC20.transfer
FNDA:0,FeeOnTransferMockERC20.transfer
DA:23,0
DA:26,2
FN:26,FeeOnTransferMockERC20.transferFrom
FNDA:2,FeeOnTransferMockERC20.transferFrom
DA:27,2
DA:28,2
BRDA:28,0,0,1
DA:29,1
BRDA:29,1,0,-
BRDA:29,1,1,-
DA:30,1
DA:32,2
DA:35,6
FN:35,FeeOnTransferMockERC20.approve
FNDA:6,FeeOnTransferMockERC20.approve
DA:36,6
DA:37,6
DA:40,2
FN:40,FeeOnTransferMockERC20._transfer
FNDA:2,FeeOnTransferMockERC20._transfer
DA:41,2
BRDA:41,2,0,-
BRDA:41,2,1,-
DA:42,2
DA:43,2
DA:44,2
DA:45,2
DA:46,2
BRDA:46,3,0,2
DA:47,2
DA:50,6
FN:50,FeeOnTransferMockERC20.mint
FNDA:6,FeeOnTransferMockERC20.mint
DA:51,6
DA:52,6
FNF:6
FNH:5
LF:27
LH:25
BRF:6
BRH:2
end_of_record
TN:
SF:foundry/test/mocks/MaliciousAdapter.sol
DA:8,1
FN:8,MaliciousAdapter.fallback
FNDA:1,MaliciousAdapter.fallback
DA:11,1
BRDA:11,0,0,1
DA:12,1
DA:13,1
DA:15,0
DA:16,0
DA:18,1
BRDA:18,1,0,1
FNF:1
FNH:1
LF:7
LH:5
BRF:2
BRH:2
end_of_record
TN:
SF:foundry/test/mocks/MockERC20.sol
DA:9,108
FN:9,MockERC20.constructor
FNDA:108,MockERC20.constructor
DA:10,108
DA:13,140
FN:13,MockERC20.mint
FNDA:140,MockERC20.mint
DA:14,140
DA:17,0
FN:17,MockERC20.decimals
FNDA:0,MockERC20.decimals
DA:18,0
FNF:3
FNH:2
LF:6
LH:4
BRF:0
BRH:0
end_of_record
TN:
SF:foundry/test/mocks/MockERC4626.sol
DA:9,5
FN:9,MockERC4626.constructor
FNDA:5,MockERC4626.constructor
DA:10,5
DA:14,3
FN:14,MockERC4626.deposit
FNDA:3,MockERC4626.deposit
DA:15,3
BRDA:15,0,0,-
BRDA:15,0,1,-
DA:16,3
DA:17,3
DA:18,3
DA:19,3
BRDA:19,1,0,-
BRDA:19,1,1,-
DA:20,3
DA:21,0
FNF:2
FNH:2
LF:10
LH:9
BRF:4
BRH:0
end_of_record
TN:
SF:foundry/test/mocks/TargetAdapterMock.sol
DA:11,9
FN:11,TargetAdapterMock.fallback
FNDA:9,TargetAdapterMock.fallback
DA:12,9
DA:13,9
DA:14,9
DA:15,9
DA:18,0
FN:18,TargetAdapterMock.receive
FNDA:0,TargetAdapterMock.receive
DA:19,0
DA:20,0
DA:21,0
DA:22,0
FNF:2
FNH:1
LF:10
LH:5
BRF:0
BRH:0
end_of_record
TN:
SF:node_modules/@openzeppelin/contracts/access/AccessControl.sol
DA:63,4
FN:63,AccessControl.onlyRole
FNDA:4,AccessControl.onlyRole
DA:64,4
DA:69,0
FN:69,AccessControl.supportsInterface
FNDA:0,AccessControl.supportsInterface
DA:70,0
DA:76,267
FN:76,AccessControl.hasRole
FNDA:267,AccessControl.hasRole
DA:77,267
DA:84,64
FN:84,AccessControl._checkRole.0
FNDA:64,AccessControl._checkRole.0
DA:85,64
DA:92,64
FN:92,AccessControl._checkRole.1
FNDA:64,AccessControl._checkRole.1
DA:93,64
BRDA:93,0,0,-
DA:94,0
DA:104,0
FN:104,AccessControl.getRoleAdmin
FNDA:0,AccessControl.getRoleAdmin
DA:105,0
DA:120,0
FN:120,AccessControl.grantRole
FNDA:0,AccessControl.grantRole
DA:121,0
DA:135,0
FN:135,AccessControl.revokeRole
FNDA:0,AccessControl.revokeRole
DA:136,0
DA:155,0
FN:155,AccessControl.renounceRole
FNDA:0,AccessControl.renounceRole
DA:156,0
BRDA:156,1,0,-
DA:157,0
DA:160,0
DA:168,0
FN:168,AccessControl._setRoleAdmin
FNDA:0,AccessControl._setRoleAdmin
DA:169,0
DA:170,0
DA:171,0
DA:181,171
FN:181,AccessControl._grantRole
FNDA:171,AccessControl._grantRole
DA:182,171
BRDA:182,2,0,171
BRDA:182,2,1,-
DA:183,171
DA:184,171
DA:185,171
DA:187,0
DA:198,3
FN:198,AccessControl._revokeRole
FNDA:3,AccessControl._revokeRole
DA:199,3
BRDA:199,3,0,3
BRDA:199,3,1,-
DA:200,3
DA:201,3
DA:202,3
DA:204,0
FNF:12
FNH:6
LF:37
LH:18
BRF:6
BRH:2
end_of_record
TN:
SF:node_modules/@openzeppelin/contracts/token/ERC20/ERC20.sol
DA:44,126
FN:44,ERC20.constructor
FNDA:126,ERC20.constructor
DA:45,126
DA:46,126
DA:52,0
FN:52,ERC20.name
FNDA:0,ERC20.name
DA:53,0
DA:60,0
FN:60,ERC20.symbol
FNDA:0,ERC20.symbol
DA:61,0
DA:77,0
FN:77,ERC20.decimals
FNDA:0,ERC20.decimals
DA:78,0
DA:82,0
FN:82,ERC20.totalSupply
FNDA:0,ERC20.totalSupply
DA:83,0
DA:87,265
FN:87,ERC20.balanceOf
FNDA:265,ERC20.balanceOf
DA:88,265
DA:99,69
FN:99,ERC20.transfer
FNDA:69,ERC20.transfer
DA:100,69
DA:101,69
DA:102,69
DA:106,73
FN:106,ERC20.allowance
FNDA:73,ERC20.allowance
DA:107,73
DA:120,188
FN:120,ERC20.approve
FNDA:188,ERC20.approve
DA:121,188
DA:122,188
DA:123,188
DA:142,72
FN:142,ERC20.transferFrom
FNDA:72,ERC20.transferFrom
DA:143,72
DA:144,72
DA:145,72
DA:146,72
DA:159,141
FN:159,ERC20._transfer
FNDA:141,ERC20._transfer
DA:160,141
BRDA:160,0,0,-
DA:161,0
DA:163,141
BRDA:163,1,0,-
DA:164,0
DA:166,141
DA:176,299
FN:176,ERC20._update
FNDA:299,ERC20._update
DA:177,299
BRDA:177,2,0,158
BRDA:177,2,1,-
DA:179,158
DA:181,141
DA:182,141
BRDA:182,3,0,-
DA:183,0
DA:187,141
DA:191,158
BRDA:191,4,0,-
BRDA:191,4,1,299
DA:194,0
DA:199,299
DA:203,158
DA:214,158
FN:214,ERC20._mint
FNDA:158,ERC20._mint
DA:215,158
BRDA:215,5,0,-
DA:216,0
DA:218,158
DA:229,0
FN:229,ERC20._burn
FNDA:0,ERC20._burn
DA:230,0
BRDA:230,6,0,-
DA:231,0
DA:233,0
DA:251,192
FN:251,ERC20._approve.0
FNDA:192,ERC20._approve.0
DA:252,192
DA:273,234
FN:273,ERC20._approve.1
FNDA:234,ERC20._approve.1
DA:274,234
BRDA:274,7,0,-
DA:275,0
DA:277,234
BRDA:277,8,0,-
DA:278,0
DA:280,234
DA:281,192
BRDA:281,9,0,192
DA:282,192
DA:294,72
FN:294,ERC20._spendAllowance
FNDA:72,ERC20._spendAllowance
DA:295,72
DA:296,72
BRDA:296,10,0,42
DA:297,42
BRDA:297,11,0,-
DA:298,0
DA:301,42
FNF:17
FNH:12
LF:69
LH:49
BRF:14
BRH:4
end_of_record
TN:
SF:node_modules/@openzeppelin/contracts/token/ERC20/utils/SafeERC20.sol
DA:33,68
FN:33,SafeERC20.safeTransfer
FNDA:68,SafeERC20.safeTransfer
DA:34,68
DA:41,59
FN:41,SafeERC20.safeTransferFrom
FNDA:59,SafeERC20.safeTransferFrom
DA:42,59
DA:48,0
FN:48,SafeERC20.trySafeTransfer
FNDA:0,SafeERC20.trySafeTransfer
DA:49,0
DA:55,0
FN:55,SafeERC20.trySafeTransferFrom
FNDA:0,SafeERC20.trySafeTransferFrom
DA:56,0
DA:68,0
FN:68,SafeERC20.safeIncreaseAllowance
FNDA:0,SafeERC20.safeIncreaseAllowance
DA:69,0
DA:70,0
DA:82,0
FN:82,SafeERC20.safeDecreaseAllowance
FNDA:0,SafeERC20.safeDecreaseAllowance
DA:84,0
DA:85,0
BRDA:85,0,0,-
DA:86,0
DA:88,0
DA:101,60
FN:101,SafeERC20.forceApprove
FNDA:60,SafeERC20.forceApprove
DA:102,60
DA:104,60
BRDA:104,1,0,-
DA:105,0
DA:106,0
DA:117,0
FN:117,SafeERC20.transferAndCallRelaxed
FNDA:0,SafeERC20.transferAndCallRelaxed
DA:118,0
BRDA:118,2,0,-
BRDA:118,2,1,-
DA:119,0
DA:120,0
BRDA:120,3,0,-
DA:121,0
DA:132,0
FN:132,SafeERC20.transferFromAndCallRelaxed
FNDA:0,SafeERC20.transferFromAndCallRelaxed
DA:139,0
BRDA:139,4,0,-
BRDA:139,4,1,-
DA:140,0
DA:141,0
BRDA:141,5,0,-
DA:142,0
DA:157,0
FN:157,SafeERC20.approveAndCallRelaxed
FNDA:0,SafeERC20.approveAndCallRelaxed
DA:158,0
BRDA:158,6,0,-
BRDA:158,6,1,-
DA:159,0
DA:160,0
BRDA:160,7,0,-
DA:161,0
DA:173,127
FN:173,SafeERC20._callOptionalReturn
FNDA:127,SafeERC20._callOptionalReturn
DA:174,127
DA:175,127
DA:177,0
DA:179,0
BRDA:179,8,0,-
DA:180,0
DA:181,0
DA:182,0
DA:184,0
DA:185,0
DA:188,127
BRDA:188,9,0,-
DA:189,0
DA:201,60
FN:201,SafeERC20._callOptionalReturnBool
FNDA:60,SafeERC20._callOptionalReturnBool
DA:202,60
DA:203,60
DA:204,60
DA:206,0
DA:207,0
DA:208,0
DA:210,60
FNF:12
FNH:5
LF:56
LH:16
BRF:13
BRH:0
end_of_record
TN:
SF:node_modules/@openzeppelin/contracts/utils/Context.sol
DA:17,596
FN:17,Context._msgSender
FNDA:596,Context._msgSender
DA:18,596
DA:21,0
FN:21,Context._msgData
FNDA:0,Context._msgData
DA:22,0
DA:25,0
FN:25,Context._contextSuffixLength
FNDA:0,Context._contextSuffixLength
DA:26,0
FNF:3
FNH:1
LF:6
LH:2
BRF:0
BRH:0
end_of_record
TN:
SF:node_modules/@openzeppelin/contracts/utils/Panic.sol
DA:50,0
FN:50,Panic.panic
FNDA:0,Panic.panic
DA:52,0
DA:53,0
DA:54,0
FNF:1
FNH:0
LF:4
LH:0
BRF:0
BRH:0
end_of_record
TN:
SF:node_modules/@openzeppelin/contracts/utils/ReentrancyGuard.sol
DA:47,130
FN:47,ReentrancyGuard.constructor
FNDA:130,ReentrancyGuard.constructor
DA:48,130
DA:58,12
FN:58,ReentrancyGuard.nonReentrant
FNDA:12,ReentrancyGuard.nonReentrant
DA:59,0
DA:61,0
DA:64,135
FN:64,ReentrancyGuard._nonReentrantBefore
FNDA:135,ReentrancyGuard._nonReentrantBefore
DA:66,135
BRDA:66,0,0,-
DA:67,0
DA:71,135
DA:74,63
FN:74,ReentrancyGuard._nonReentrantAfter
FNDA:63,ReentrancyGuard._nonReentrantAfter
DA:77,63
DA:84,0
FN:84,ReentrancyGuard._reentrancyGuardEntered
FNDA:0,ReentrancyGuard._reentrancyGuardEntered
DA:85,0
FNF:5
FNH:4
LF:13
LH:8
BRF:1
BRH:0
end_of_record
TN:
SF:node_modules/@openzeppelin/contracts/utils/ShortStrings.sol
DA:52,260
FN:52,ShortStrings.toShortString
FNDA:260,ShortStrings.toShortString
DA:53,260
DA:54,260
BRDA:54,0,0,-
DA:55,0
DA:57,260
DA:63,0
FN:63,ShortStrings.toString
FNDA:0,ShortStrings.toString
DA:64,0
DA:66,0
DA:68,0
DA:69,0
DA:71,0
DA:77,0
FN:77,ShortStrings.byteLength
FNDA:0,ShortStrings.byteLength
DA:78,0
DA:79,0
BRDA:79,1,0,-
DA:80,0
DA:82,0
DA:88,260
FN:88,ShortStrings.toShortStringWithFallback
FNDA:260,ShortStrings.toShortStringWithFallback
DA:89,260
BRDA:89,2,0,260
BRDA:89,2,1,-
DA:90,260
DA:92,0
DA:93,0
DA:100,0
FN:100,ShortStrings.toStringWithFallback
FNDA:0,ShortStrings.toStringWithFallback
DA:101,0
BRDA:101,3,0,-
BRDA:101,3,1,-
DA:102,0
DA:104,0
DA:115,0
FN:115,ShortStrings.byteLengthWithFallback
FNDA:0,ShortStrings.byteLengthWithFallback
DA:116,0
BRDA:116,4,0,-
BRDA:116,4,1,-
DA:117,0
DA:119,0
FNF:6
FNH:2
LF:29
LH:7
BRF:8
BRH:1
end_of_record
TN:
SF:node_modules/@openzeppelin/contracts/utils/StorageSlot.sol
DA:66,0
FN:66,StorageSlot.getAddressSlot
FNDA:0,StorageSlot.getAddressSlot
DA:68,0
DA:75,0
FN:75,StorageSlot.getBooleanSlot
FNDA:0,StorageSlot.getBooleanSlot
DA:77,0
DA:84,0
FN:84,StorageSlot.getBytes32Slot
FNDA:0,StorageSlot.getBytes32Slot
DA:86,0
DA:93,0
FN:93,StorageSlot.getUint256Slot
FNDA:0,StorageSlot.getUint256Slot
DA:95,0
DA:102,0
FN:102,StorageSlot.getInt256Slot
FNDA:0,StorageSlot.getInt256Slot
DA:104,0
DA:111,0
FN:111,StorageSlot.getStringSlot.0
FNDA:0,StorageSlot.getStringSlot.0
DA:113,0
DA:120,0
FN:120,StorageSlot.getStringSlot.1
FNDA:0,StorageSlot.getStringSlot.1
DA:122,0
DA:129,0
FN:129,StorageSlot.getBytesSlot.0
FNDA:0,StorageSlot.getBytesSlot.0
DA:131,0
DA:138,0
FN:138,StorageSlot.getBytesSlot.1
FNDA:0,StorageSlot.getBytesSlot.1
DA:140,0
FNF:9
FNH:0
LF:18
LH:0
BRF:0
BRH:0
end_of_record
TN:
SF:node_modules/@openzeppelin/contracts/utils/Strings.sol
DA:45,0
FN:45,Strings.toString
FNDA:0,Strings.toString
DA:47,0
DA:48,0
DA:49,0
DA:51,0
DA:54,0
DA:56,0
DA:58,0
DA:59,0
DA:61,0
DA:68,0
FN:68,Strings.toStringSigned
FNDA:0,Strings.toStringSigned
DA:69,0
DA:75,0
FN:75,Strings.toHexString.0
FNDA:0,Strings.toHexString.0
DA:77,0
DA:84,0
FN:84,Strings.toHexString.1
FNDA:0,Strings.toHexString.1
DA:85,0
DA:86,0
DA:87,0
DA:88,0
DA:89,0
DA:90,0
DA:91,0
DA:93,0
BRDA:93,1,0,-
DA:94,0
DA:96,0
DA:103,0
FN:103,Strings.toHexString.2
FNDA:0,Strings.toHexString.2
DA:104,0
DA:111,0
FN:111,Strings.toChecksumHexString
FNDA:0,Strings.toChecksumHexString
DA:112,0
DA:115,0
DA:117,0
DA:120,0
DA:122,0
BRDA:122,2,0,-
DA:124,0
DA:126,0
DA:128,0
DA:134,0
FN:134,Strings.equal
FNDA:0,Strings.equal
DA:135,0
DA:145,0
FN:145,Strings.parseUint.0
FNDA:0,Strings.parseUint.0
DA:146,0
DA:157,0
FN:157,Strings.parseUint.1
FNDA:0,Strings.parseUint.1
DA:158,0
DA:159,0
BRDA:159,3,0,-
DA:160,0
DA:168,0
FN:168,Strings.tryParseUint.0
FNDA:0,Strings.tryParseUint.0
DA:169,0
DA:178,0
FN:178,Strings.tryParseUint.1
FNDA:0,Strings.tryParseUint.1
DA:183,0
DA:184,0
DA:191,0
FN:191,Strings._tryParseUintUncheckedBounds
FNDA:0,Strings._tryParseUintUncheckedBounds
DA:196,0
DA:198,0
DA:199,0
DA:200,0
DA:201,0
DA:202,0
DA:203,0
DA:205,0
DA:215,0
FN:215,Strings.parseInt.0
FNDA:0,Strings.parseInt.0
DA:216,0
DA:227,0
FN:227,Strings.parseInt.1
FNDA:0,Strings.parseInt.1
DA:228,0
DA:229,0
BRDA:229,6,0,-
DA:230,0
DA:239,0
FN:239,Strings.tryParseInt.0
FNDA:0,Strings.tryParseInt.0
DA:240,0
DA:251,0
FN:251,Strings.tryParseInt.1
FNDA:0,Strings.tryParseInt.1
DA:256,0
DA:257,0
DA:264,0
FN:264,Strings._tryParseIntUncheckedBounds
FNDA:0,Strings._tryParseIntUncheckedBounds
DA:269,0
DA:272,0
DA:273,0
DA:274,0
DA:275,0
DA:277,0
DA:279,0
BRDA:279,8,0,-
BRDA:279,8,1,-
DA:280,0
DA:281,0
BRDA:281,9,0,-
BRDA:281,9,1,-
DA:282,0
DA:283,0
DA:293,0
FN:293,Strings.parseHexUint.0
FNDA:0,Strings.parseHexUint.0
DA:294,0
DA:305,0
FN:305,Strings.parseHexUint.1
FNDA:0,Strings.parseHexUint.1
DA:306,0
DA:307,0
BRDA:307,10,0,-
DA:308,0
DA:316,0
FN:316,Strings.tryParseHexUint.0
FNDA:0,Strings.tryParseHexUint.0
DA:317,0
DA:326,0
FN:326,Strings.tryParseHexUint.1
FNDA:0,Strings.tryParseHexUint.1
DA:331,0
DA:332,0
DA:339,0
FN:339,Strings._tryParseHexUintUncheckedBounds
FNDA:0,Strings._tryParseHexUintUncheckedBounds
DA:344,0
DA:347,0
DA:348,0
DA:350,0
DA:351,0
DA:352,0
DA:353,0
DA:354,0
DA:358,0
DA:361,0
DA:370,0
FN:370,Strings.parseAddress.0
FNDA:0,Strings.parseAddress.0
DA:371,0
DA:381,0
FN:381,Strings.parseAddress.1
FNDA:0,Strings.parseAddress.1
DA:382,0
DA:383,0
BRDA:383,13,0,-
DA:384,0
DA:391,0
FN:391,Strings.tryParseAddress.0
FNDA:0,Strings.tryParseAddress.0
DA:392,0
DA:399,0
FN:399,Strings.tryParseAddress.1
FNDA:0,Strings.tryParseAddress.1
DA:404,0
DA:406,0
DA:407,0
DA:410,0
BRDA:410,15,0,-
BRDA:410,15,1,-
DA:412,0
DA:413,0
DA:415,0
DA:419,0
FN:419,Strings._tryParseChr
FNDA:0,Strings._tryParseChr
DA:420,0
DA:428,0
BRDA:428,16,0,-
BRDA:428,16,1,-
DA:429,0
BRDA:429,17,0,-
BRDA:429,17,1,-
DA:430,0
BRDA:430,18,0,-
BRDA:430,18,1,-
DA:431,0
DA:434,0
DA:446,0
FN:446,Strings.escapeJSON
FNDA:0,Strings.escapeJSON
DA:447,0
DA:448,0
DA:449,0
DA:451,0
DA:452,0
DA:453,0
BRDA:453,19,0,-
BRDA:453,19,1,-
DA:454,0
DA:455,0
BRDA:455,20,0,-
BRDA:455,20,1,-
DA:456,0
BRDA:456,21,0,-
BRDA:456,21,1,-
DA:457,0
BRDA:457,22,0,-
BRDA:457,22,1,-
DA:458,0
BRDA:458,23,0,-
BRDA:458,23,1,-
DA:459,0
BRDA:459,24,0,-
BRDA:459,24,1,-
DA:460,0
BRDA:460,25,0,-
BRDA:460,25,1,-
DA:461,0
BRDA:461,26,0,-
DA:463,0
DA:466,0
DA:471,0
DA:472,0
DA:475,0
DA:484,0
FN:484,Strings._unsafeReadBytesOffset
FNDA:0,Strings._unsafeReadBytesOffset
DA:487,0
FNF:29
FNH:0
LF:148
LH:0
BRF:33
BRH:0
end_of_record
TN:
SF:node_modules/@openzeppelin/contracts/utils/cryptography/ECDSA.sol
DA:56,34
FN:56,ECDSA.tryRecover.0
FNDA:34,ECDSA.tryRecover.0
DA:60,34
BRDA:60,0,0,34
BRDA:60,0,1,-
DA:61,34
DA:62,34
DA:63,34
DA:67,0
DA:68,0
DA:69,0
DA:71,34
DA:73,0
DA:91,34
FN:91,ECDSA.recover.0
FNDA:34,ECDSA.recover.0
DA:92,34
DA:93,34
DA:94,0
DA:102,0
FN:102,ECDSA.tryRecover.1
FNDA:0,ECDSA.tryRecover.1
DA:108,0
DA:110,0
DA:111,0
DA:118,0
FN:118,ECDSA.recover.1
FNDA:0,ECDSA.recover.1
DA:119,0
DA:120,0
DA:121,0
DA:128,38
FN:128,ECDSA.tryRecover.2
FNDA:38,ECDSA.tryRecover.2
DA:143,38
BRDA:143,1,0,-
DA:144,0
DA:148,38
DA:149,38
BRDA:149,2,0,1
DA:150,1
DA:153,37
DA:160,4
FN:160,ECDSA.recover.2
FNDA:4,ECDSA.recover.2
DA:161,4
DA:162,4
DA:163,0
DA:169,38
FN:169,ECDSA._throwError
FNDA:38,ECDSA._throwError
DA:170,38
BRDA:170,3,0,37
BRDA:170,3,1,-
DA:171,37
DA:172,1
BRDA:172,4,0,1
BRDA:172,4,1,-
DA:173,1
DA:174,0
BRDA:174,5,0,-
BRDA:174,5,1,-
DA:175,0
DA:176,0
BRDA:176,6,0,-
DA:177,0
FNF:7
FNH:5
LF:42
LH:23
BRF:11
BRH:4
end_of_record
TN:
SF:node_modules/@openzeppelin/contracts/utils/cryptography/EIP712.sol
DA:68,130
FN:68,EIP712.constructor
FNDA:130,EIP712.constructor
DA:69,130
DA:70,130
DA:71,130
DA:72,130
DA:74,130
DA:75,130
DA:76,130
DA:82,34
FN:82,EIP712._domainSeparatorV4
FNDA:34,EIP712._domainSeparatorV4
DA:83,34
BRDA:83,0,0,34
BRDA:83,0,1,-
DA:84,34
DA:86,0
DA:90,130
FN:90,EIP712._buildDomainSeparator
FNDA:130,EIP712._buildDomainSeparator
DA:91,130
DA:109,34
FN:109,EIP712._hashTypedDataV4
FNDA:34,EIP712._hashTypedDataV4
DA:110,34
DA:114,0
FN:114,EIP712.eip712Domain
FNDA:0,EIP712.eip712Domain
DA:128,0
DA:146,0
FN:146,EIP712._EIP712Name
FNDA:0,EIP712._EIP712Name
DA:147,0
DA:157,0
FN:157,EIP712._EIP712Version
FNDA:0,EIP712._EIP712Version
DA:158,0
FNF:7
FNH:4
LF:22
LH:15
BRF:2
BRH:1
end_of_record
TN:
SF:node_modules/@openzeppelin/contracts/utils/cryptography/MessageHashUtils.sol
DA:30,0
FN:30,MessageHashUtils.toEthSignedMessageHash.0
FNDA:0,MessageHashUtils.toEthSignedMessageHash.0
DA:32,0
DA:33,0
DA:34,0
DA:48,0
FN:48,MessageHashUtils.toEthSignedMessageHash.1
FNDA:0,MessageHashUtils.toEthSignedMessageHash.1
DA:49,0
DA:50,0
DA:62,0
FN:62,MessageHashUtils.toDataWithIntendedValidatorHash.0
FNDA:0,MessageHashUtils.toDataWithIntendedValidatorHash.0
DA:63,0
DA:69,0
FN:69,MessageHashUtils.toDataWithIntendedValidatorHash.1
FNDA:0,MessageHashUtils.toDataWithIntendedValidatorHash.1
DA:74,0
DA:75,0
DA:76,0
DA:77,0
DA:90,34
FN:90,MessageHashUtils.toTypedDataHash
FNDA:34,MessageHashUtils.toTypedDataHash
DA:92,0
DA:93,0
DA:94,0
DA:95,0
DA:96,0
FNF:5
FNH:1
LF:20
LH:1
BRF:0
BRH:0
end_of_record
TN:
SF:node_modules/@openzeppelin/contracts/utils/introspection/ERC165.sol
DA:22,0
FN:22,ERC165.supportsInterface
FNDA:0,ERC165.supportsInterface
DA:23,0
FNF:1
FNH:0
LF:2
LH:0
BRF:0
BRH:0
end_of_record
TN:
SF:node_modules/@openzeppelin/contracts/utils/math/Math.sol
DA:25,0
FN:25,Math.add512
FNDA:0,Math.add512
DA:27,0
DA:28,0
DA:37,113
FN:37,Math.mul512
FNDA:113,Math.mul512
DA:42,0
DA:43,0
DA:44,0
DA:51,0
FN:51,Math.tryAdd
FNDA:0,Math.tryAdd
DA:53,0
DA:54,0
DA:55,0
DA:62,0
FN:62,Math.trySub
FNDA:0,Math.trySub
DA:64,0
DA:65,0
DA:66,0
DA:73,0
FN:73,Math.tryMul
FNDA:0,Math.tryMul
DA:75,0
DA:79,0
DA:82,0
DA:89,0
FN:89,Math.tryDiv
FNDA:0,Math.tryDiv
DA:91,0
DA:94,0
DA:102,0
FN:102,Math.tryMod
FNDA:0,Math.tryMod
DA:104,0
DA:107,0
DA:115,0
FN:115,Math.saturatingAdd
FNDA:0,Math.saturatingAdd
DA:116,0
DA:117,0
DA:123,0
FN:123,Math.saturatingSub
FNDA:0,Math.saturatingSub
DA:124,0
DA:125,0
DA:131,0
FN:131,Math.saturatingMul
FNDA:0,Math.saturatingMul
DA:132,0
DA:133,0
DA:143,0
FN:143,Math.ternary
FNDA:0,Math.ternary
DA:148,0
DA:155,0
FN:155,Math.max
FNDA:0,Math.max
DA:156,0
DA:162,0
FN:162,Math.min
FNDA:0,Math.min
DA:163,0
DA:170,0
FN:170,Math.average
FNDA:0,Math.average
DA:172,0
DA:181,0
FN:181,Math.ceilDiv
FNDA:0,Math.ceilDiv
DA:182,0
BRDA:182,0,0,-
DA:184,0
DA:193,0
DA:204,113
FN:204,Math.mulDiv.0
FNDA:113,Math.mulDiv.0
DA:206,113
DA:209,113
BRDA:209,1,0,113
DA:213,113
DA:217,0
BRDA:217,2,0,-
DA:218,0
DA:226,0
DA:229,0
DA:232,0
DA:233,0
DA:239,0
DA:242,0
DA:245,0
DA:248,0
DA:252,0
DA:257,0
DA:261,0
DA:262,0
DA:263,0
DA:264,0
DA:265,0
DA:266,0
DA:272,0
DA:273,0
DA:280,0
FN:280,Math.mulDiv.1
FNDA:0,Math.mulDiv.1
DA:281,0
DA:287,0
FN:287,Math.mulShr.0
FNDA:0,Math.mulShr.0
DA:289,0
DA:290,0
BRDA:290,3,0,-
DA:291,0
DA:293,0
DA:300,0
FN:300,Math.mulShr.1
FNDA:0,Math.mulShr.1
DA:301,0
DA:315,0
FN:315,Math.invMod
FNDA:0,Math.invMod
DA:317,0
DA:327,0
DA:328,0
DA:333,0
DA:334,0
DA:336,0
DA:337,0
DA:339,0
DA:348,0
DA:358,0
DA:359,0
DA:372,0
FN:372,Math.invModPrime
FNDA:0,Math.invModPrime
DA:374,0
DA:391,0
FN:391,Math.modExp.0
FNDA:0,Math.modExp.0
DA:392,0
DA:393,0
BRDA:393,6,0,-
DA:394,0
DA:396,0
DA:409,0
FN:409,Math.tryModExp.0
FNDA:0,Math.tryModExp.0
DA:410,0
DA:412,0
DA:421,0
DA:422,0
DA:423,0
DA:424,0
DA:425,0
DA:426,0
DA:430,0
DA:431,0
DA:438,0
FN:438,Math.modExp.1
FNDA:0,Math.modExp.1
DA:439,0
DA:440,0
BRDA:440,8,0,-
DA:441,0
DA:443,0
DA:449,0
FN:449,Math.tryModExp.1
FNDA:0,Math.tryModExp.1
DA:454,0
DA:456,0
DA:459,0
DA:462,0
DA:464,0
DA:467,0
DA:469,0
DA:476,0
FN:476,Math._zeroBytes
FNDA:0,Math._zeroBytes
DA:477,0
DA:478,0
BRDA:478,10,0,-
DA:479,0
DA:482,0
DA:492,0
FN:492,Math.sqrt.0
FNDA:0,Math.sqrt.0
DA:495,0
BRDA:495,11,0,-
DA:496,0
DA:511,0
DA:512,0
DA:514,0
BRDA:514,12,0,-
DA:515,0
DA:516,0
DA:518,0
BRDA:518,13,0,-
DA:519,0
DA:520,0
DA:522,0
BRDA:522,14,0,-
DA:523,0
DA:524,0
DA:526,0
BRDA:526,15,0,-
DA:527,0
DA:528,0
DA:530,0
BRDA:530,16,0,-
DA:531,0
DA:532,0
DA:534,0
BRDA:534,17,0,-
DA:535,0
DA:536,0
DA:538,0
BRDA:538,18,0,-
DA:539,0
DA:547,0
DA:584,0
DA:585,0
DA:586,0
DA:587,0
DA:588,0
DA:589,0
DA:594,0
DA:601,0
FN:601,Math.sqrt.1
FNDA:0,Math.sqrt.1
DA:603,0
DA:604,0
DA:612,0
FN:612,Math.log2.0
FNDA:0,Math.log2.0
DA:614,0
DA:616,0
DA:618,0
DA:620,0
DA:622,0
DA:624,0
DA:649,0
DA:657,0
FN:657,Math.log2.1
FNDA:0,Math.log2.1
DA:659,0
DA:660,0
DA:668,0
FN:668,Math.log10.0
FNDA:0,Math.log10.0
DA:669,0
DA:671,0
BRDA:671,19,0,-
DA:672,0
DA:673,0
DA:675,0
BRDA:675,20,0,-
DA:676,0
DA:677,0
DA:679,0
BRDA:679,21,0,-
DA:680,0
DA:681,0
DA:683,0
BRDA:683,22,0,-
DA:684,0
DA:685,0
DA:687,0
BRDA:687,23,0,-
DA:688,0
DA:689,0
DA:691,0
BRDA:691,24,0,-
DA:692,0
DA:693,0
DA:695,0
BRDA:695,25,0,-
DA:696,0
DA:699,0
DA:706,0
FN:706,Math.log10.1
FNDA:0,Math.log10.1
DA:708,0
DA:709,0
DA:719,0
FN:719,Math.log256.0
FNDA:0,Math.log256.0
DA:721,0
DA:723,0
DA:725,0
DA:727,0
DA:729,0
DA:736,0
FN:736,Math.log256.1
FNDA:0,Math.log256.1
DA:738,0
DA:739,0
DA:746,0
FN:746,Math.unsignedRoundsUp
FNDA:0,Math.unsignedRoundsUp
DA:747,0
FNF:35
FNH:2
LF:211
LH:5
BRF:22
BRH:1
end_of_record
TN:
SF:node_modules/@openzeppelin/contracts/utils/math/SafeCast.sol
DA:50,0
FN:50,SafeCast.toUint248
FNDA:0,SafeCast.toUint248
DA:51,0
BRDA:51,0,0,-
DA:52,0
DA:54,0
DA:67,0
FN:67,SafeCast.toUint240
FNDA:0,SafeCast.toUint240
DA:68,0
BRDA:68,1,0,-
DA:69,0
DA:71,0
DA:84,0
FN:84,SafeCast.toUint232
FNDA:0,SafeCast.toUint232
DA:85,0
BRDA:85,2,0,-
DA:86,0
DA:88,0
DA:101,0
FN:101,SafeCast.toUint224
FNDA:0,SafeCast.toUint224
DA:102,0
BRDA:102,3,0,-
DA:103,0
DA:105,0
DA:118,0
FN:118,SafeCast.toUint216
FNDA:0,SafeCast.toUint216
DA:119,0
BRDA:119,4,0,-
DA:120,0
DA:122,0
DA:135,0
FN:135,SafeCast.toUint208
FNDA:0,SafeCast.toUint208
DA:136,0
BRDA:136,5,0,-
DA:137,0
DA:139,0
DA:152,0
FN:152,SafeCast.toUint200
FNDA:0,SafeCast.toUint200
DA:153,0
BRDA:153,6,0,-
DA:154,0
DA:156,0
DA:169,0
FN:169,SafeCast.toUint192
FNDA:0,SafeCast.toUint192
DA:170,0
BRDA:170,7,0,-
DA:171,0
DA:173,0
DA:186,0
FN:186,SafeCast.toUint184
FNDA:0,SafeCast.toUint184
DA:187,0
BRDA:187,8,0,-
DA:188,0
DA:190,0
DA:203,0
FN:203,SafeCast.toUint176
FNDA:0,SafeCast.toUint176
DA:204,0
BRDA:204,9,0,-
DA:205,0
DA:207,0
DA:220,0
FN:220,SafeCast.toUint168
FNDA:0,SafeCast.toUint168
DA:221,0
BRDA:221,10,0,-
DA:222,0
DA:224,0
DA:237,0
FN:237,SafeCast.toUint160
FNDA:0,SafeCast.toUint160
DA:238,0
BRDA:238,11,0,-
DA:239,0
DA:241,0
DA:254,0
FN:254,SafeCast.toUint152
FNDA:0,SafeCast.toUint152
DA:255,0
BRDA:255,12,0,-
DA:256,0
DA:258,0
DA:271,0
FN:271,SafeCast.toUint144
FNDA:0,SafeCast.toUint144
DA:272,0
BRDA:272,13,0,-
DA:273,0
DA:275,0
DA:288,0
FN:288,SafeCast.toUint136
FNDA:0,SafeCast.toUint136
DA:289,0
BRDA:289,14,0,-
DA:290,0
DA:292,0
DA:305,0
FN:305,SafeCast.toUint128
FNDA:0,SafeCast.toUint128
DA:306,0
BRDA:306,15,0,-
DA:307,0
DA:309,0
DA:322,0
FN:322,SafeCast.toUint120
FNDA:0,SafeCast.toUint120
DA:323,0
BRDA:323,16,0,-
DA:324,0
DA:326,0
DA:339,0
FN:339,SafeCast.toUint112
FNDA:0,SafeCast.toUint112
DA:340,0
BRDA:340,17,0,-
DA:341,0
DA:343,0
DA:356,0
FN:356,SafeCast.toUint104
FNDA:0,SafeCast.toUint104
DA:357,0
BRDA:357,18,0,-
DA:358,0
DA:360,0
DA:373,0
FN:373,SafeCast.toUint96
FNDA:0,SafeCast.toUint96
DA:374,0
BRDA:374,19,0,-
DA:375,0
DA:377,0
DA:390,0
FN:390,SafeCast.toUint88
FNDA:0,SafeCast.toUint88
DA:391,0
BRDA:391,20,0,-
DA:392,0
DA:394,0
DA:407,0
FN:407,SafeCast.toUint80
FNDA:0,SafeCast.toUint80
DA:408,0
BRDA:408,21,0,-
DA:409,0
DA:411,0
DA:424,0
FN:424,SafeCast.toUint72
FNDA:0,SafeCast.toUint72
DA:425,0
BRDA:425,22,0,-
DA:426,0
DA:428,0
DA:441,0
FN:441,SafeCast.toUint64
FNDA:0,SafeCast.toUint64
DA:442,0
BRDA:442,23,0,-
DA:443,0
DA:445,0
DA:458,0
FN:458,SafeCast.toUint56
FNDA:0,SafeCast.toUint56
DA:459,0
BRDA:459,24,0,-
DA:460,0
DA:462,0
DA:475,0
FN:475,SafeCast.toUint48
FNDA:0,SafeCast.toUint48
DA:476,0
BRDA:476,25,0,-
DA:477,0
DA:479,0
DA:492,0
FN:492,SafeCast.toUint40
FNDA:0,SafeCast.toUint40
DA:493,0
BRDA:493,26,0,-
DA:494,0
DA:496,0
DA:509,0
FN:509,SafeCast.toUint32
FNDA:0,SafeCast.toUint32
DA:510,0
BRDA:510,27,0,-
DA:511,0
DA:513,0
DA:526,0
FN:526,SafeCast.toUint24
FNDA:0,SafeCast.toUint24
DA:527,0
BRDA:527,28,0,-
DA:528,0
DA:530,0
DA:543,0
FN:543,SafeCast.toUint16
FNDA:0,SafeCast.toUint16
DA:544,0
BRDA:544,29,0,-
DA:545,0
DA:547,0
DA:560,0
FN:560,SafeCast.toUint8
FNDA:0,SafeCast.toUint8
DA:561,0
BRDA:561,30,0,-
DA:562,0
DA:564,0
DA:574,0
FN:574,SafeCast.toUint256
FNDA:0,SafeCast.toUint256
DA:575,0
BRDA:575,31,0,-
DA:576,0
DA:578,0
DA:592,0
FN:592,SafeCast.toInt248
FNDA:0,SafeCast.toInt248
DA:593,0
DA:594,0
BRDA:594,32,0,-
DA:595,0
DA:610,0
FN:610,SafeCast.toInt240
FNDA:0,SafeCast.toInt240
DA:611,0
DA:612,0
BRDA:612,33,0,-
DA:613,0
DA:628,0
FN:628,SafeCast.toInt232
FNDA:0,SafeCast.toInt232
DA:629,0
DA:630,0
BRDA:630,34,0,-
DA:631,0
DA:646,0
FN:646,SafeCast.toInt224
FNDA:0,SafeCast.toInt224
DA:647,0
DA:648,0
BRDA:648,35,0,-
DA:649,0
DA:664,0
FN:664,SafeCast.toInt216
FNDA:0,SafeCast.toInt216
DA:665,0
DA:666,0
BRDA:666,36,0,-
DA:667,0
DA:682,0
FN:682,SafeCast.toInt208
FNDA:0,SafeCast.toInt208
DA:683,0
DA:684,0
BRDA:684,37,0,-
DA:685,0
DA:700,0
FN:700,SafeCast.toInt200
FNDA:0,SafeCast.toInt200
DA:701,0
DA:702,0
BRDA:702,38,0,-
DA:703,0
DA:718,0
FN:718,SafeCast.toInt192
FNDA:0,SafeCast.toInt192
DA:719,0
DA:720,0
BRDA:720,39,0,-
DA:721,0
DA:736,0
FN:736,SafeCast.toInt184
FNDA:0,SafeCast.toInt184
DA:737,0
DA:738,0
BRDA:738,40,0,-
DA:739,0
DA:754,0
FN:754,SafeCast.toInt176
FNDA:0,SafeCast.toInt176
DA:755,0
DA:756,0
BRDA:756,41,0,-
DA:757,0
DA:772,0
FN:772,SafeCast.toInt168
FNDA:0,SafeCast.toInt168
DA:773,0
DA:774,0
BRDA:774,42,0,-
DA:775,0
DA:790,0
FN:790,SafeCast.toInt160
FNDA:0,SafeCast.toInt160
DA:791,0
DA:792,0
BRDA:792,43,0,-
DA:793,0
DA:808,0
FN:808,SafeCast.toInt152
FNDA:0,SafeCast.toInt152
DA:809,0
DA:810,0
BRDA:810,44,0,-
DA:811,0
DA:826,0
FN:826,SafeCast.toInt144
FNDA:0,SafeCast.toInt144
DA:827,0
DA:828,0
BRDA:828,45,0,-
DA:829,0
DA:844,0
FN:844,SafeCast.toInt136
FNDA:0,SafeCast.toInt136
DA:845,0
DA:846,0
BRDA:846,46,0,-
DA:847,0
DA:862,0
FN:862,SafeCast.toInt128
FNDA:0,SafeCast.toInt128
DA:863,0
DA:864,0
BRDA:864,47,0,-
DA:865,0
DA:880,0
FN:880,SafeCast.toInt120
FNDA:0,SafeCast.toInt120
DA:881,0
DA:882,0
BRDA:882,48,0,-
DA:883,0
DA:898,0
FN:898,SafeCast.toInt112
FNDA:0,SafeCast.toInt112
DA:899,0
DA:900,0
BRDA:900,49,0,-
DA:901,0
DA:916,0
FN:916,SafeCast.toInt104
FNDA:0,SafeCast.toInt104
DA:917,0
DA:918,0
BRDA:918,50,0,-
DA:919,0
DA:934,0
FN:934,SafeCast.toInt96
FNDA:0,SafeCast.toInt96
DA:935,0
DA:936,0
BRDA:936,51,0,-
DA:937,0
DA:952,0
FN:952,SafeCast.toInt88
FNDA:0,SafeCast.toInt88
DA:953,0
DA:954,0
BRDA:954,52,0,-
DA:955,0
DA:970,0
FN:970,SafeCast.toInt80
FNDA:0,SafeCast.toInt80
DA:971,0
DA:972,0
BRDA:972,53,0,-
DA:973,0
DA:988,0
FN:988,SafeCast.toInt72
FNDA:0,SafeCast.toInt72
DA:989,0
DA:990,0
BRDA:990,54,0,-
DA:991,0
DA:1006,0
FN:1006,SafeCast.toInt64
FNDA:0,SafeCast.toInt64
DA:1007,0
DA:1008,0
BRDA:1008,55,0,-
DA:1009,0
DA:1024,0
FN:1024,SafeCast.toInt56
FNDA:0,SafeCast.toInt56
DA:1025,0
DA:1026,0
BRDA:1026,56,0,-
DA:1027,0
DA:1042,0
FN:1042,SafeCast.toInt48
FNDA:0,SafeCast.toInt48
DA:1043,0
DA:1044,0
BRDA:1044,57,0,-
DA:1045,0
DA:1060,0
FN:1060,SafeCast.toInt40
FNDA:0,SafeCast.toInt40
DA:1061,0
DA:1062,0
BRDA:1062,58,0,-
DA:1063,0
DA:1078,0
FN:1078,SafeCast.toInt32
FNDA:0,SafeCast.toInt32
DA:1079,0
DA:1080,0
BRDA:1080,59,0,-
DA:1081,0
DA:1096,0
FN:1096,SafeCast.toInt24
FNDA:0,SafeCast.toInt24
DA:1097,0
DA:1098,0
BRDA:1098,60,0,-
DA:1099,0
DA:1114,0
FN:1114,SafeCast.toInt16
FNDA:0,SafeCast.toInt16
DA:1115,0
DA:1116,0
BRDA:1116,61,0,-
DA:1117,0
DA:1132,0
FN:1132,SafeCast.toInt8
FNDA:0,SafeCast.toInt8
DA:1133,0
DA:1134,0
BRDA:1134,62,0,-
DA:1135,0
DA:1146,0
FN:1146,SafeCast.toInt256
FNDA:0,SafeCast.toInt256
DA:1148,0
BRDA:1148,63,0,-
DA:1149,0
DA:1151,0
DA:1157,0
FN:1157,SafeCast.toUint
FNDA:0,SafeCast.toUint
DA:1159,0
FNF:65
FNH:0
LF:258
LH:0
BRF:64
BRH:0
end_of_record
TN:
SF:node_modules/@openzeppelin/contracts/utils/math/SignedMath.sol
DA:19,0
FN:19,SignedMath.ternary
FNDA:0,SignedMath.ternary
DA:24,0
DA:31,0
FN:31,SignedMath.max
FNDA:0,SignedMath.max
DA:32,0
DA:38,0
FN:38,SignedMath.min
FNDA:0,SignedMath.min
DA:39,0
DA:46,0
FN:46,SignedMath.average
FNDA:0,SignedMath.average
DA:48,0
DA:49,0
DA:55,0
FN:55,SignedMath.abs
FNDA:0,SignedMath.abs
DA:62,0
DA:65,0
FNF:5
FNH:0
LF:12
LH:0
BRF:0
BRH:0
end_of_record
